\BOOKMARK [0][-]{chapter.1}{\376\377\000I\000n\000t\000r\000o\000d\000u\000c\000c\000i\000\363\000n}{}% 1
\BOOKMARK [1][-]{section.1.1}{\376\377\000C\000o\000n\000t\000e\000x\000t\000o}{chapter.1}% 2
\BOOKMARK [1][-]{section.1.2}{\376\377\000M\000o\000t\000i\000v\000a\000c\000i\000\363\000n}{chapter.1}% 3
\BOOKMARK [1][-]{section.1.3}{\376\377\000O\000b\000j\000e\000t\000i\000v\000o\000s}{chapter.1}% 4
\BOOKMARK [0][-]{chapter.2}{\376\377\000M\000e\000t\000o\000d\000o\000l\000o\000g\000\355\000a\000\040\000y\000\040\000P\000r\000e\000s\000u\000p\000u\000e\000s\000t\000o}{}% 5
\BOOKMARK [1][-]{section.2.1}{\376\377\000M\000e\000t\000o\000d\000o\000l\000o\000g\000\355\000a}{chapter.2}% 6
\BOOKMARK [2][-]{subsection.2.1.1}{\376\377\000M\000e\000t\000o\000d\000o\000l\000o\000g\000\355\000a\000\040\000\301\000g\000i\000l\000\040\000I\000n\000s\000p\000i\000r\000a\000d\000a\000\040\000e\000n\000\040\000S\000c\000r\000u\000m}{section.2.1}% 7
\BOOKMARK [2][-]{subsection.2.1.2}{\376\377\000C\000i\000c\000l\000o\000s\000\040\000d\000e\000\040\000T\000r\000a\000b\000a\000j\000o}{section.2.1}% 8
\BOOKMARK [2][-]{subsection.2.1.3}{\376\377\000G\000i\000t\000\040\000c\000o\000m\000o\000\040\000H\000e\000r\000r\000a\000m\000i\000e\000n\000t\000a\000\040\000d\000e\000\040\000C\000o\000n\000t\000r\000o\000l\000\040\000d\000e\000\040\000V\000e\000r\000s\000i\000o\000n\000e\000s}{section.2.1}% 9
\BOOKMARK [2][-]{subsection.2.1.4}{\376\377\000A\000d\000a\000p\000t\000a\000c\000i\000\363\000n\000\040\000d\000e\000l\000\040\000T\000i\000e\000m\000p\000o\000\040\000d\000e\000\040\000l\000o\000s\000\040\000S\000p\000r\000i\000n\000t\000s}{section.2.1}% 10
\BOOKMARK [1][-]{section.2.2}{\376\377\000P\000r\000e\000s\000u\000p\000u\000e\000s\000t\000o}{chapter.2}% 11
\BOOKMARK [2][-]{subsection.2.2.1}{\376\377\000M\000a\000n\000o\000\040\000d\000e\000\040\000o\000b\000r\000a}{section.2.2}% 12
\BOOKMARK [2][-]{subsection.2.2.2}{\376\377\000R\000e\000c\000u\000r\000s\000o\000s\000\040\000c\000o\000m\000p\000u\000t\000a\000c\000i\000o\000n\000a\000l\000e\000s}{section.2.2}% 13
\BOOKMARK [2][-]{subsection.2.2.3}{\376\377\000S\000o\000f\000t\000w\000a\000r\000e\000\040\000y\000\040\000l\000i\000c\000e\000n\000c\000i\000a\000s}{section.2.2}% 14
\BOOKMARK [2][-]{subsection.2.2.4}{\376\377\000O\000t\000r\000o\000s\000\040\000g\000a\000s\000t\000o\000s}{section.2.2}% 15
\BOOKMARK [2][-]{subsection.2.2.5}{\376\377\000P\000r\000e\000s\000u\000p\000u\000e\000s\000t\000o\000\040\000t\000o\000t\000a\000l}{section.2.2}% 16
\BOOKMARK [0][-]{chapter.3}{\376\377\000F\000u\000n\000d\000a\000m\000e\000n\000t\000o\000s\000\040\000d\000e\000\040\000A\000p\000r\000e\000n\000d\000i\000z\000a\000j\000e\000\040\000P\000r\000o\000f\000u\000n\000d\000o}{}% 17
\BOOKMARK [1][-]{section.3.1}{\376\377\000D\000e\000f\000i\000n\000i\000c\000i\000\363\000n\000\040\000d\000e\000\040\000A\000p\000r\000e\000n\000d\000i\000z\000a\000j\000e\000\040\000P\000r\000o\000f\000u\000n\000d\000o}{chapter.3}% 18
\BOOKMARK [1][-]{section.3.2}{\376\377\000R\000e\000d\000e\000s\000\040\000N\000e\000u\000r\000o\000n\000a\000l\000e\000s\000\040\000A\000r\000t\000i\000f\000i\000c\000i\000a\000l\000e\000s}{chapter.3}% 19
\BOOKMARK [2][-]{subsection.3.2.1}{\376\377\000C\000o\000m\000p\000o\000n\000e\000n\000t\000e\000s\000\040\000d\000e\000\040\000u\000n\000a\000\040\000R\000e\000d\000\040\000N\000e\000u\000r\000o\000n\000a\000l}{section.3.2}% 20
\BOOKMARK [1][-]{section.3.3}{\376\377\000R\000e\000d\000e\000s\000\040\000N\000e\000u\000r\000o\000n\000a\000l\000e\000s\000\040\000C\000o\000n\000v\000o\000l\000u\000c\000i\000o\000n\000a\000l\000e\000s}{chapter.3}% 21
\BOOKMARK [2][-]{subsection.3.3.1}{\376\377\000C\000o\000m\000p\000o\000n\000e\000n\000t\000e\000s\000\040\000p\000r\000i\000n\000c\000i\000p\000a\000l\000e\000s\000\040\000d\000e\000\040\000u\000n\000a\000\040\000C\000N\000N}{section.3.3}% 22
\BOOKMARK [2][-]{subsection.3.3.2}{\376\377\000F\000u\000n\000c\000i\000o\000n\000a\000m\000i\000e\000n\000t\000o\000\040\000G\000e\000n\000e\000r\000a\000l\000\040\000d\000e\000\040\000u\000n\000a\000\040\000C\000N\000N}{section.3.3}% 23
\BOOKMARK [2][-]{subsection.3.3.3}{\376\377\000A\000p\000l\000i\000c\000a\000c\000i\000o\000n\000e\000s\000\040\000d\000e\000\040\000l\000a\000s\000\040\000C\000N\000N}{section.3.3}% 24
\BOOKMARK [1][-]{section.3.4}{\376\377\000D\000a\000t\000a\000s\000e\000t\000s}{chapter.3}% 25
\BOOKMARK [2][-]{subsection.3.4.1}{\376\377\000R\000o\000c\000k\000,\000\040\000P\000a\000p\000e\000r\000,\000\040\000S\000c\000i\000s\000s\000o\000r\000s\000\040\000\050\000P\000i\000e\000d\000r\000a\000,\000\040\000P\000a\000p\000e\000l\000,\000\040\000T\000i\000j\000e\000r\000a\000\051}{section.3.4}% 26
\BOOKMARK [2][-]{subsection.3.4.2}{\376\377\000M\000N\000I\000S\000T\000\040\000\050\000M\000o\000d\000i\000f\000i\000e\000d\000\040\000N\000a\000t\000i\000o\000n\000a\000l\000\040\000I\000n\000s\000t\000i\000t\000u\000t\000e\000\040\000o\000f\000\040\000S\000t\000a\000n\000d\000a\000r\000d\000s\000\040\000a\000n\000d\000\040\000T\000e\000c\000h\000n\000o\000l\000o\000g\000y\000\051}{section.3.4}% 27
\BOOKMARK [2][-]{subsection.3.4.3}{\376\377\000C\000o\000m\000p\000a\000r\000a\000c\000i\000\363\000n\000\040\000c\000o\000n\000\040\000o\000t\000r\000o\000s\000\040\000d\000a\000t\000a\000s\000e\000t\000s}{section.3.4}% 28
\BOOKMARK [1][-]{section.3.5}{\376\377\000M\000o\000d\000e\000l\000o\000s}{chapter.3}% 29
\BOOKMARK [2][-]{subsection.3.5.1}{\376\377\000R\000e\000s\000N\000e\000t\0005\0000}{section.3.5}% 30
\BOOKMARK [2][-]{subsection.3.5.2}{\376\377\000M\000o\000b\000i\000l\000e\000N\000e\000t}{section.3.5}% 31
\BOOKMARK [2][-]{subsection.3.5.3}{\376\377\000M\000o\000b\000i\000l\000e\000N\000e\000t\000V\0002}{section.3.5}% 32
\BOOKMARK [0][-]{chapter.4}{\376\377\000R\000e\000p\000a\000s\000o\000\040\000B\000i\000b\000l\000i\000o\000g\000r\000\341\000f\000i\000c\000o}{}% 33
\BOOKMARK [0][-]{chapter.5}{\376\377\000D\000e\000s\000c\000r\000i\000p\000c\000i\000\363\000n\000\040\000d\000e\000\040\000l\000o\000s\000\040\000A\000l\000g\000o\000r\000i\000t\000m\000o\000s}{}% 34
\BOOKMARK [1][-]{section.5.1}{\376\377\000A\000l\000g\000o\000r\000i\000t\000m\000o\000\040\000A\000l\000e\000a\000t\000o\000r\000i\000o}{chapter.5}% 35
\BOOKMARK [2][-]{subsection.5.1.1}{\376\377\000D\000e\000s\000c\000r\000i\000p\000c\000i\000\363\000n}{section.5.1}% 36
\BOOKMARK [2][-]{subsection.5.1.2}{\376\377\000A\000p\000l\000i\000c\000a\000c\000i\000\363\000n\000\040\000e\000n\000\040\000l\000a\000\040\000r\000e\000d\000u\000c\000c\000i\000\363\000n\000\040\000d\000e\000\040\000d\000a\000t\000o\000s}{section.5.1}% 37
\BOOKMARK [2][-]{subsection.5.1.3}{\376\377\000R\000e\000s\000u\000l\000t\000a\000d\000o\000s\000\040\000e\000s\000p\000e\000r\000a\000d\000o\000s}{section.5.1}% 38
\BOOKMARK [1][-]{section.5.2}{\376\377\000A\000l\000g\000o\000r\000i\000t\000m\000o\000\040\000B\000\372\000s\000q\000u\000e\000d\000a\000\040\000L\000o\000c\000a\000l}{chapter.5}% 39
\BOOKMARK [2][-]{subsection.5.2.1}{\376\377\000D\000e\000s\000c\000r\000i\000p\000c\000i\000\363\000n}{section.5.2}% 40
\BOOKMARK [2][-]{subsection.5.2.2}{\376\377\000A\000p\000l\000i\000c\000a\000c\000i\000\363\000n\000\040\000e\000n\000\040\000l\000a\000\040\000r\000e\000d\000u\000c\000c\000i\000\363\000n\000\040\000d\000e\000\040\000d\000a\000t\000o\000s}{section.5.2}% 41
\BOOKMARK [2][-]{subsection.5.2.3}{\376\377\000V\000e\000n\000t\000a\000j\000a\000s\000\040\000y\000\040\000l\000i\000m\000i\000t\000a\000c\000i\000o\000n\000e\000s}{section.5.2}% 42
\BOOKMARK [1][-]{section.5.3}{\376\377\000A\000l\000g\000o\000r\000i\000t\000m\000o\000s\000\040\000G\000e\000n\000\351\000t\000i\000c\000o}{chapter.5}% 43
\BOOKMARK [2][-]{subsection.5.3.1}{\376\377\000D\000e\000s\000c\000r\000i\000p\000c\000i\000\363\000n}{section.5.3}% 44
\BOOKMARK [2][-]{subsection.5.3.2}{\376\377\000A\000p\000l\000i\000c\000a\000c\000i\000\363\000n\000\040\000e\000n\000\040\000l\000a\000\040\000r\000e\000d\000u\000c\000c\000i\000\363\000n\000\040\000d\000e\000\040\000d\000a\000t\000o\000s}{section.5.3}% 45
\BOOKMARK [2][-]{subsection.5.3.3}{\376\377\000V\000e\000n\000t\000a\000j\000a\000s\000\040\000y\000\040\000l\000i\000m\000i\000t\000a\000c\000i\000o\000n\000e\000s}{section.5.3}% 46
\BOOKMARK [0][-]{chapter.6}{\376\377\000I\000m\000p\000l\000e\000m\000e\000n\000t\000a\000c\000i\000\363\000n}{}% 47
\BOOKMARK [1][-]{section.6.1}{\376\377\000D\000e\000s\000c\000r\000i\000p\000c\000i\000\363\000n\000\040\000d\000e\000l\000\040\000S\000i\000s\000t\000e\000m\000a}{chapter.6}% 48
\BOOKMARK [1][-]{section.6.2}{\376\377\000H\000e\000r\000r\000a\000m\000i\000e\000n\000t\000a\000s\000\040\000y\000\040\000L\000e\000n\000g\000u\000a\000j\000e\000s\000\040\000d\000e\000\040\000P\000r\000o\000g\000r\000a\000m\000a\000c\000i\000\363\000n}{chapter.6}% 49
\BOOKMARK [1][-]{section.6.3}{\376\377\000P\000r\000o\000c\000e\000s\000o\000\040\000d\000e\000\040\000D\000e\000s\000a\000r\000r\000o\000l\000l\000o}{chapter.6}% 50
\BOOKMARK [0][-]{chapter.7}{\376\377\000D\000e\000s\000a\000r\000r\000o\000l\000l\000o\000\040\000E\000x\000p\000e\000r\000i\000m\000e\000n\000t\000a\000l}{}% 51
\BOOKMARK [0][-]{chapter.8}{\376\377\000C\000o\000n\000c\000l\000u\000s\000i\000o\000n\000e\000s}{}% 52
